<?xml version="1.0" encoding="UTF-8"?>
<testng-results ignored="0" total="1" passed="1" failed="0" skipped="0">
  <reporter-output>
  </reporter-output>
  <suite started-at="2025-01-23T15:07:26 IST" name="Suite" finished-at="2025-01-23T15:07:28 IST" duration-ms="2057">
    <groups>
    </groups>
    <test started-at="2025-01-23T15:07:26 IST" name="login" finished-at="2025-01-23T15:07:28 IST" duration-ms="2057">
      <class name="tests.loginTest">
        <test-method is-config="true" signature="engage()[pri:0, instance:tests.loginTest@36902638]" started-at="2025-01-23T15:07:20 IST" name="engage" finished-at="2025-01-23T15:07:26 IST" duration-ms="6627" status="PASS">
          <reporter-output>
          </reporter-output>
        </test-method> <!-- engage -->
        <test-method signature="loginToApplication()[pri:0, instance:tests.loginTest@36902638]" started-at="2025-01-23T15:07:26 IST" name="loginToApplication" finished-at="2025-01-23T15:07:28 IST" duration-ms="2040" status="PASS">
          <reporter-output>
          </reporter-output>
        </test-method> <!-- loginToApplication -->
      </class> <!-- tests.loginTest -->
    </test> <!-- login -->
  </suite> <!-- Suite -->
</testng-results>
